#
# There is insufficient memory for the Java Runtime Environment to continue.
# Native memory allocation (mmap) failed to map 134217728 bytes for G1 virtual space
# Possible reasons:
#   The system is out of physical RAM or swap space
#   The process is running with CompressedOops enabled, and the Java Heap may be blocking the growth of the native heap
# Possible solutions:
#   Reduce memory load on the system
#   Increase physical memory or swap space
#   Check if swap backing store is full
#   Decrease Java heap size (-Xmx/-Xms)
#   Decrease number of Java threads
#   Decrease Java thread stack sizes (-Xss)
#   Set larger code cache with -XX:ReservedCodeCacheSize=
#   JVM is running with Unscaled Compressed Oops mode in which the Java heap is
#     placed in the first 4GB address space. The Java Heap base address is the
#     maximum limit for the native heap growth. Please use -XX:HeapBaseMinAddress
#     to set the Java Heap base and to place the Java Heap above 4GB virtual address.
# This output file may be truncated or incomplete.
#
#  Out of Memory Error (os_windows.cpp:3536), pid=5200, tid=12908
#
# JRE version:  (19.0.2+7) (build )
# Java VM: Java HotSpot(TM) 64-Bit Server VM (19.0.2+7-44, mixed mode, sharing, tiered, compressed oops, compressed class ptrs, g1 gc, windows-amd64)
# No core dump will be written. Minidumps are not enabled by default on client versions of Windows
#

---------------  S U M M A R Y ------------

Command Line: -Dfile.encoding=windows-1252 -Dstdout.encoding=windows-1252 -Dstderr.encoding=windows-1252 -XX:+ShowCodeDetailsInExceptionMessages guisisqr.SisQr

Host: Intel(R) Core(TM) i5-2450M CPU @ 2.50GHz, 4 cores, 7G,  Windows 10 , 64 bit Build 19041 (10.0.19041.3636)
Time: Mon Feb 26 14:40:19 2024 Hora est. Pacífico, Sudamérica elapsed time: 0.044744 seconds (0d 0h 0m 0s)

---------------  T H R E A D  ---------------

Current thread (0x0000016d8d4bd800):  JavaThread "Unknown thread" [_thread_in_vm, id=12908, stack(0x00000042ebe00000,0x00000042ebf00000)]

Stack: [0x00000042ebe00000,0x00000042ebf00000]
Native frames: (J=compiled Java code, j=interpreted, Vv=VM code, C=native code)
V  [jvm.dll+0x6ee21a]
V  [jvm.dll+0x85765e]
V  [jvm.dll+0x85904e]
V  [jvm.dll+0x859703]
V  [jvm.dll+0x28298f]
V  [jvm.dll+0x6eb009]
V  [jvm.dll+0x6dfbaa]
V  [jvm.dll+0x3573f6]
V  [jvm.dll+0x35ee56]
V  [jvm.dll+0x3b541e]
V  [jvm.dll+0x3b564f]
V  [jvm.dll+0x32c9ea]
V  [jvm.dll+0x32d89e]
V  [jvm.dll+0x821780]
V  [jvm.dll+0x3c2661]
V  [jvm.dll+0x801f51]
V  [jvm.dll+0x44ae8f]
V  [jvm.dll+0x44c811]
C  [jli.dll+0x5287]
C  [ucrtbase.dll+0x21bb2]
C  [KERNEL32.DLL+0x17344]
C  [ntdll.dll+0x526b1]


---------------  P R O C E S S  ---------------

Threads class SMR info:
_java_thread_list=0x00007ffe8425d048, length=0, elements={
}

Java Threads: ( => current thread )

Other Threads:
  0x0000016d8f543e50 WorkerThread "GC Thread#0" [stack: 0x00000042ebf00000,0x00000042ec000000] [id=10404]
  0x0000016d8f554d30 ConcurrentGCThread "G1 Main Marker" [stack: 0x00000042ec000000,0x00000042ec100000] [id=3804]
  0x0000016d8f558190 WorkerThread "G1 Conc#0" [stack: 0x00000042ec100000,0x00000042ec200000] [id=7100]

[error occurred during error reporting (printing all threads), id 0xc0000005, EXCEPTION_ACCESS_VIOLATION (0xc0000005) at pc=0x00007ffe83a1d427]

VM state: not at safepoint (not fully initialized)

VM Mutex/Monitor currently owned by a thread:  ([mutex/lock_event])
[0x0000016d8f4e50d0] Heap_lock - owner thread: 0x0000016d8d4bd800

Heap address: 0x0000000080400000, size: 2044 MB, Compressed Oops mode: 32-bit

CDS archive(s) mapped at: [0x0000000000000000-0x0000000000000000-0x0000000000000000), size 0, SharedBaseAddress: 0x0000000800000000, ArchiveRelocationMode: 0.
Narrow klass base: 0x0000000000000000, Narrow klass shift: 0, Narrow klass range: 0x0

GC Precious Log:
 CardTable entry size: 512
 Card Set container configuration: InlinePtr #cards 5 size 8 Array Of Cards #cards 12 size 40 Howl #buckets 4 coarsen threshold 1843 Howl Bitmap #cards 512 size 80 coarsen threshold 460 Card regions per heap region 1 cards per card region 2048

Heap:
 garbage-first heap   total 0K, used 0K [0x0000000080400000, 0x0000000100000000)
  region size 1024K, 0 young (0K), 0 survivors (0K)

[error occurred during error reporting (printing heap information), id 0xc0000005, EXCEPTION_ACCESS_VIOLATION (0xc0000005) at pc=0x00007ffe83e26649]

GC Heap History (0 events):
No events

Dll operation events (1 events):
Event: 0.021 Loaded shared library C:\Program Files\Java\jdk-19\bin\java.dll

Deoptimization events (0 events):
No events

Classes loaded (0 events):
No events

Classes unloaded (0 events):
No events

Classes redefined (0 events):
No events

Internal exceptions (0 events):
No events

VM Operations (0 events):
No events

Events (0 events):
No events


Dynamic libraries:
0x00007ff6b4ca0000 - 0x00007ff6b4cb0000 	C:\Program Files\Java\jdk-19\bin\javaw.exe
0x00007ffeef270000 - 0x00007ffeef468000 	C:\Windows\SYSTEM32\ntdll.dll
0x00007ffedd250000 - 0x00007ffedd269000 	C:\Program Files\Avast Software\Avast\aswhook.dll
0x00007ffeeeed0000 - 0x00007ffeeef8d000 	C:\Windows\System32\KERNEL32.DLL
0x00007ffeeced0000 - 0x00007ffeed1c6000 	C:\Windows\System32\KERNELBASE.dll
0x00007ffeecdd0000 - 0x00007ffeeced0000 	C:\Windows\System32\ucrtbase.dll
0x00007ffed6dc0000 - 0x00007ffed6dd8000 	C:\Program Files\Java\jdk-19\bin\jli.dll
0x00007ffeeed60000 - 0x00007ffeeee13000 	C:\Windows\System32\ADVAPI32.dll
0x00007ffeed2b0000 - 0x00007ffeed34e000 	C:\Windows\System32\msvcrt.dll
0x00007ffeeebe0000 - 0x00007ffeeec7f000 	C:\Windows\System32\sechost.dll
0x00007ffeee9e0000 - 0x00007ffeeeb06000 	C:\Windows\System32\RPCRT4.dll
0x00007ffeed280000 - 0x00007ffeed2a7000 	C:\Windows\System32\bcrypt.dll
0x00007ffeee840000 - 0x00007ffeee9de000 	C:\Windows\System32\USER32.dll
0x00007ffeec980000 - 0x00007ffeec9a2000 	C:\Windows\System32\win32u.dll
0x00007ffeedd60000 - 0x00007ffeedd8b000 	C:\Windows\System32\GDI32.dll
0x00007ffeeccb0000 - 0x00007ffeecdc7000 	C:\Windows\System32\gdi32full.dll
0x00007ffeec9b0000 - 0x00007ffeeca4d000 	C:\Windows\System32\msvcp_win.dll
0x00007ffed4040000 - 0x00007ffed405b000 	C:\Program Files\Java\jdk-19\bin\VCRUNTIME140.dll
0x00007ffee0890000 - 0x00007ffee0b2a000 	C:\Windows\WinSxS\amd64_microsoft.windows.common-controls_6595b64144ccf1df_6.0.19041.3636_none_60b6a03d71f818d5\COMCTL32.dll
0x00007ffee6bd0000 - 0x00007ffee6bda000 	C:\Windows\SYSTEM32\VERSION.dll
0x00007ffeeeb10000 - 0x00007ffeeeb42000 	C:\Windows\System32\IMM32.DLL
0x00007ffedd5b0000 - 0x00007ffedd5bc000 	C:\Program Files\Java\jdk-19\bin\vcruntime140_1.dll
0x00007ffec5ad0000 - 0x00007ffec5b5e000 	C:\Program Files\Java\jdk-19\bin\msvcp140.dll
0x00007ffe836e0000 - 0x00007ffe843a0000 	C:\Program Files\Java\jdk-19\bin\server\jvm.dll
0x00007ffede770000 - 0x00007ffede779000 	C:\Windows\SYSTEM32\WSOCK32.dll
0x00007ffeee7d0000 - 0x00007ffeee83b000 	C:\Windows\System32\WS2_32.dll
0x00007ffee2390000 - 0x00007ffee23b7000 	C:\Windows\SYSTEM32\WINMM.dll
0x00007ffeea7e0000 - 0x00007ffeea7f2000 	C:\Windows\SYSTEM32\kernel.appcore.dll
0x00007ffed6c50000 - 0x00007ffed6c5a000 	C:\Program Files\Java\jdk-19\bin\jimage.dll
0x00007ffee4a90000 - 0x00007ffee4c74000 	C:\Windows\SYSTEM32\DBGHELP.DLL
0x00007ffee5a30000 - 0x00007ffee5a64000 	C:\Windows\SYSTEM32\dbgcore.DLL
0x00007ffeecac0000 - 0x00007ffeecb42000 	C:\Windows\System32\bcryptPrimitives.dll
0x00007ffed07f0000 - 0x00007ffed0816000 	C:\Program Files\Java\jdk-19\bin\java.dll

dbghelp: loaded successfully - version: 4.0.5 - missing functions: none
symbol engine: initialized successfully - sym options: 0x614 - pdb path: .;C:\Program Files\Java\jdk-19\bin;C:\Windows\SYSTEM32;C:\Program Files\Avast Software\Avast;C:\Windows\WinSxS\amd64_microsoft.windows.common-controls_6595b64144ccf1df_6.0.19041.3636_none_60b6a03d71f818d5;C:\Program Files\Java\jdk-19\bin\server

VM Arguments:
jvm_args: -Dfile.encoding=windows-1252 -Dstdout.encoding=windows-1252 -Dstderr.encoding=windows-1252 -XX:+ShowCodeDetailsInExceptionMessages 
java_command: guisisqr.SisQr
java_class_path (initial): H:\ADSOF\FASE 3 EJECUCIÓN\JAVA\SISQR\bin
Launcher Type: SUN_STANDARD

[Global flags]
     intx CICompilerCount                          = 3                                         {product} {ergonomic}
     uint ConcGCThreads                            = 1                                         {product} {ergonomic}
     uint G1ConcRefinementThreads                  = 4                                         {product} {ergonomic}
   size_t G1HeapRegionSize                         = 1048576                                   {product} {ergonomic}
    uintx GCDrainStackTargetSize                   = 64                                        {product} {ergonomic}
   size_t InitialHeapSize                          = 134217728                                 {product} {ergonomic}
   size_t MarkStackSize                            = 4194304                                   {product} {ergonomic}
   size_t MaxHeapSize                              = 2143289344                                {product} {ergonomic}
   size_t MinHeapDeltaBytes                        = 1048576                                   {product} {ergonomic}
   size_t MinHeapSize                              = 8388608                                   {product} {ergonomic}
    uintx NonNMethodCodeHeapSize                   = 5832780                                {pd product} {ergonomic}
    uintx NonProfiledCodeHeapSize                  = 122912730                              {pd product} {ergonomic}
    uintx ProfiledCodeHeapSize                     = 122912730                              {pd product} {ergonomic}
    uintx ReservedCodeCacheSize                    = 251658240                              {pd product} {ergonomic}
     bool SegmentedCodeCache                       = true                                      {product} {ergonomic}
     bool ShowCodeDetailsInExceptionMessages       = true                                   {manageable} {command line}
   size_t SoftMaxHeapSize                          = 2143289344                             {manageable} {ergonomic}
     bool UseCompressedClassPointers               = true                           {product lp64_product} {ergonomic}
     bool UseCompressedOops                        = true                           {product lp64_product} {ergonomic}
     bool UseG1GC                                  = true                                      {product} {ergonomic}
     bool UseLargePagesIndividualAllocation        = false                                  {pd product} {ergonomic}

Logging:
Log output configuration:
 #0: stdout all=warning uptime,level,tags foldmultilines=false
 #1: stderr all=off uptime,level,tags foldmultilines=false

Environment Variables:
JAVA_HOME=C:\Program Files\Java\jdk-19
PATH=C:\Program Files\Common Files\Oracle\Java\javapath;C:\Windows\system32;C:\Windows;C:\Windows\System32\Wbem;C:\Windows\System32\WindowsPowerShell\v1.0\;C:\Windows\System32\OpenSSH\;C:\Program Files (x86)\NVIDIA Corporation\PhysX\Common;C:\Program Files\nodejs\;C:\Program Files\MySQL\MySQL Shell 8.0\bin\;C:\Users\WANID\AppData\Local\Microsoft\WindowsApps;C:\Users\WANID\AppData\Local\Programs\Microsoft VS Code\bin;C:\Users\WANID\AppData\Roaming\npm;C:\Program Files\Java\jdk-19\bin;
USERNAME=WANID
OS=Windows_NT
PROCESSOR_IDENTIFIER=Intel64 Family 6 Model 42 Stepping 7, GenuineIntel
TMP=C:\Users\WANID\AppData\Local\Temp
TEMP=C:\Users\WANID\AppData\Local\Temp



---------------  S Y S T E M  ---------------

OS:
 Windows 10 , 64 bit Build 19041 (10.0.19041.3636)
OS uptime: 0 days 1:40 hours

CPU: total 4 (initial active 4) (2 cores per cpu, 2 threads per core) family 6 model 42 stepping 7 microcode 0x2f, cx8, cmov, fxsr, ht, mmx, sse, sse2, sse3, ssse3, sse4.1, sse4.2, popcnt, tsc, tscinvbit, avx, aes, clmul, vzeroupper, clflush, rdtscp

Memory: 4k page, system-wide physical 8173M (1122M free)
TotalPageFile size 8173M (AvailPageFile size 118M)
current process WorkingSet (physical memory assigned to process): 10M, peak: 10M
current process commit charge ("private bytes"): 52M, peak: 180M

vm_info: Java HotSpot(TM) 64-Bit Server VM (19.0.2+7-44) for windows-amd64 JRE (19.0.2+7-44), built on 2022-11-30T18:02:09Z by "mach5one" with MS VC++ 17.1 (VS2022)

END.
